0 info it worked if it ends with ok
1 verbose cli [ '/usr/local/bin/node', '/usr/local/bin/npm', 'start' ]
2 info using npm@3.10.10
3 info using node@v6.11.2
4 verbose run-script [ 'prestart', 'start', 'poststart' ]
5 info lifecycle brothers@1.0.0~prestart: brothers@1.0.0
6 silly lifecycle brothers@1.0.0~prestart: no script for prestart, continuing
7 info lifecycle brothers@1.0.0~start: brothers@1.0.0
8 verbose lifecycle brothers@1.0.0~start: unsafe-perm in lifecycle true
9 verbose lifecycle brothers@1.0.0~start: PATH: /usr/local/lib/node_modules/npm/bin/node-gyp-bin:/Users/pgseong/Documents/Workspace/brothers/node_modules/.bin:/usr/local/mysql/bin:/usr/local/mysql/support-files/:/opt/local/bin:/opt/local/sbin:/opt/local/bin:/opt/local/sbin:/Users/pgseong/Documents/DevTools/apache-ant/bin:/Users/pgseong/Documents/DevTools/android-ndk:/Users/pgseong/Documents/DevTools/node_modules/bower/bin:/Users/pgseong/Library/Android/sdk/tools:/Users/pgseong/Library/Android/sdk/platform-tools:/Users/pgseong/Library/Android/sdk:/Users/pgseong/Documents/DevTools/apache-maven-3.5.0/bin:/Users/pgseong/Documents/DevTools/cocos2d-x-2.2.6/tools/cocos2d-console/bin:/Users/pgseong/Documents/DevTools/cocos2d-x-2.2.6:/usr/local/bin:/usr/bin:/bin:/usr/sbin:/sbin:/usr/local/go/bin:/usr/local/share/dotnet:/opt/X11/bin:~/.dotnet/tools:/Library/Frameworks/Mono.framework/Versions/Current/Commands:/usr/local/mysql/bin:/usr/local/mysql/support-files/:/opt/local/bin:/opt/local/sbin:/Users/pgseong/Documents/DevTools/apache-ant/bin:/Users/pgseong/Documents/DevTools/android-ndk:/Users/pgseong/Documents/DevTools/node_modules/bower/bin:/Users/pgseong/Library/Android/sdk/tools:/Users/pgseong/Library/Android/sdk/platform-tools:/Users/pgseong/Library/Android/sdk:/Users/pgseong/Documents/DevTools/apache-maven-3.5.0/bin:/Users/pgseong/Documents/DevTools/cocos2d-x-2.2.6/tools/cocos2d-console/bin:/Users/pgseong/Documents/DevTools/cocos2d-x-2.2.6
10 verbose lifecycle brothers@1.0.0~start: CWD: /Users/pgseong/Documents/Workspace/brothers
11 silly lifecycle brothers@1.0.0~start: Args: [ '-c', 'node app.js' ]
12 silly lifecycle brothers@1.0.0~start: Returned: code: 1  signal: null
13 info lifecycle brothers@1.0.0~start: Failed to exec start script
14 verbose stack Error: brothers@1.0.0 start: `node app.js`
14 verbose stack Exit status 1
14 verbose stack     at EventEmitter.<anonymous> (/usr/local/lib/node_modules/npm/lib/utils/lifecycle.js:255:16)
14 verbose stack     at emitTwo (events.js:106:13)
14 verbose stack     at EventEmitter.emit (events.js:191:7)
14 verbose stack     at ChildProcess.<anonymous> (/usr/local/lib/node_modules/npm/lib/utils/spawn.js:40:14)
14 verbose stack     at emitTwo (events.js:106:13)
14 verbose stack     at ChildProcess.emit (events.js:191:7)
14 verbose stack     at maybeClose (internal/child_process.js:891:16)
14 verbose stack     at Process.ChildProcess._handle.onexit (internal/child_process.js:226:5)
15 verbose pkgid brothers@1.0.0
16 verbose cwd /Users/pgseong/Documents/Workspace/brothers
17 error Darwin 17.7.0
18 error argv "/usr/local/bin/node" "/usr/local/bin/npm" "start"
19 error node v6.11.2
20 error npm  v3.10.10
21 error code ELIFECYCLE
22 error brothers@1.0.0 start: `node app.js`
22 error Exit status 1
23 error Failed at the brothers@1.0.0 start script 'node app.js'.
23 error Make sure you have the latest version of node.js and npm installed.
23 error If you do, this is most likely a problem with the brothers package,
23 error not with npm itself.
23 error Tell the author that this fails on your system:
23 error     node app.js
23 error You can get information on how to open an issue for this project with:
23 error     npm bugs brothers
23 error Or if that isn't available, you can get their info via:
23 error     npm owner ls brothers
23 error There is likely additional logging output above.
24 verbose exit [ 1, true ]
